<?xml version="1.0" encoding="UTF-8"?>
<!-- Generated by org.testng.reporters.JUnitXMLReporter -->
<testsuite ignored="0" hostname="SHAHINA" failures="0" tests="3" name="Test" time="0.076" errors="0" timestamp="2025-12-03T12:30:17 IST">
  <testcase classname="gitHub.GitHubPracticeTest" name="gitHubPractice" time="0.015"/>
  <testcase classname="maven.MavenPracticeTest" name="mavenPracticeTest" time="0.001"/>
  <testcase classname="jenckins.JenckinsPracticeTest" name="jenckinsPracticeTest" time="0.002"/>
</testsuite> <!-- Test -->
