<?xml version="1.0" encoding="UTF-8"?>
<testng-results ignored="0" total="3" passed="3" failed="0" skipped="0">
  <reporter-output>
    <line>
      <![CDATA[huhuhuuuuu....]]>
    </line>
    <line>
      <![CDATA[endi ra babu]]>
    </line>
    <line>
      <![CDATA[orinii....]]>
    </line>
  </reporter-output>
  <suite started-at="2025-12-03T12:30:17 IST" name="Suite" finished-at="2025-12-03T12:30:17 IST" duration-ms="76">
    <groups>
    </groups>
    <test started-at="2025-12-03T12:30:17 IST" name="Test" finished-at="2025-12-03T12:30:17 IST" duration-ms="76">
      <class name="gitHub.GitHubPracticeTest">
        <test-method signature="gitHubPractice()[pri:0, instance:gitHub.GitHubPracticeTest@769f71a9]" started-at="2025-12-03T12:30:17 IST" name="gitHubPractice" finished-at="2025-12-03T12:30:17 IST" duration-ms="15" status="PASS">
          <reporter-output>
            <line>
              <![CDATA[huhuhuuuuu....]]>
            </line>
          </reporter-output>
        </test-method> <!-- gitHubPractice -->
      </class> <!-- gitHub.GitHubPracticeTest -->
      <class name="maven.MavenPracticeTest">
        <test-method signature="mavenPracticeTest()[pri:0, instance:maven.MavenPracticeTest@49d904ec]" started-at="2025-12-03T12:30:17 IST" name="mavenPracticeTest" finished-at="2025-12-03T12:30:17 IST" duration-ms="1" status="PASS">
          <reporter-output>
            <line>
              <![CDATA[endi ra babu]]>
            </line>
          </reporter-output>
        </test-method> <!-- mavenPracticeTest -->
      </class> <!-- maven.MavenPracticeTest -->
      <class name="jenckins.JenckinsPracticeTest">
        <test-method signature="jenckinsPracticeTest()[pri:0, instance:jenckins.JenckinsPracticeTest@48e4374]" started-at="2025-12-03T12:30:17 IST" name="jenckinsPracticeTest" finished-at="2025-12-03T12:30:17 IST" duration-ms="2" status="PASS">
          <reporter-output>
            <line>
              <![CDATA[orinii....]]>
            </line>
          </reporter-output>
        </test-method> <!-- jenckinsPracticeTest -->
      </class> <!-- jenckins.JenckinsPracticeTest -->
    </test> <!-- Test -->
  </suite> <!-- Suite -->
</testng-results>
