<?xml version="1.0" encoding="UTF-8"?>
<!-- Generated by org.testng.reporters.JUnitReportReporter -->
<testsuite hostname="SHAHINA" failures="0" tests="1" name="jenckins.JenckinsPracticeTest" time="0.002" errors="0" timestamp="2025-12-03T12:30:18 IST" skipped="0">
  <testcase classname="jenckins.JenckinsPracticeTest" name="jenckinsPracticeTest" time="0.002">
    <system-out>
      <![CDATA[orinii....]]>
    </system-out>
  </testcase> <!-- jenckinsPracticeTest -->
  <system-out>
    <![CDATA[huhuhuuuuu....
endi ra babu
orinii....]]>
  </system-out>
</testsuite> <!-- jenckins.JenckinsPracticeTest -->
