<?xml version="1.0" encoding="UTF-8"?>
<!-- Generated by org.testng.reporters.JUnitReportReporter -->
<testsuite hostname="SHAHINA" failures="0" tests="1" name="maven.MavenPracticeTest" time="0.001" errors="0" timestamp="2025-12-03T12:30:18 IST" skipped="0">
  <testcase classname="maven.MavenPracticeTest" name="mavenPracticeTest" time="0.001">
    <system-out>
      <![CDATA[endi ra babu]]>
    </system-out>
  </testcase> <!-- mavenPracticeTest -->
  <system-out>
    <![CDATA[huhuhuuuuu....
endi ra babu
orinii....]]>
  </system-out>
</testsuite> <!-- maven.MavenPracticeTest -->
