<?xml version="1.0" encoding="UTF-8"?>
<!-- Generated by org.testng.reporters.JUnitReportReporter -->
<testsuite hostname="SHAHINA" failures="0" tests="1" name="gitHub.GitHubPracticeTest" time="0.015" errors="0" timestamp="2025-12-03T12:30:18 IST" skipped="0">
  <testcase classname="gitHub.GitHubPracticeTest" name="gitHubPractice" time="0.015">
    <system-out>
      <![CDATA[huhuhuuuuu....]]>
    </system-out>
  </testcase> <!-- gitHubPractice -->
  <system-out>
    <![CDATA[huhuhuuuuu....
endi ra babu
orinii....]]>
  </system-out>
</testsuite> <!-- gitHub.GitHubPracticeTest -->
